<?xml version="1.0" encoding="UTF-8"?>
<coverage generated="1716206934554" clover="3.2.0">
  <project timestamp="1716206934554" name="All files">
    <metrics statements="38" coveredstatements="17" conditionals="6" coveredconditionals="2" methods="27" coveredmethods="11" elements="71" coveredelements="30" complexity="0" loc="38" ncloc="38" packages="1" files="6" classes="6"/>
    <file name="Counter.js" path="C:\Users\Internet\Documents\PROGRAMMING\react-javascript-interview-exercise copy\src\Counter.js">
      <metrics statements="5" coveredstatements="4" conditionals="0" coveredconditionals="0" methods="3" coveredmethods="2"/>
      <line num="8" count="32" type="stmt"/>
      <line num="10" count="32" type="stmt"/>
      <line num="13" count="0" type="stmt"/>
      <line num="21" count="5" type="stmt"/>
      <line num="53" count="1" type="stmt"/>
    </file>
    <file name="CounterCopy.js" path="C:\Users\Internet\Documents\PROGRAMMING\react-javascript-interview-exercise copy\src\CounterCopy.js">
      <metrics statements="5" coveredstatements="0" conditionals="0" coveredconditionals="0" methods="3" coveredmethods="0"/>
      <line num="8" count="0" type="stmt"/>
      <line num="10" count="0" type="stmt"/>
      <line num="14" count="0" type="stmt"/>
      <line num="17" count="0" type="stmt"/>
      <line num="27" count="0" type="stmt"/>
    </file>
    <file name="StartFile.js" path="C:\Users\Internet\Documents\PROGRAMMING\react-javascript-interview-exercise copy\src\StartFile.js">
      <metrics statements="13" coveredstatements="10" conditionals="4" coveredconditionals="2" methods="11" coveredmethods="7"/>
      <line num="11" count="3" type="stmt"/>
      <line num="12" count="3" type="stmt"/>
      <line num="22" count="3" type="stmt"/>
      <line num="23" count="0" type="stmt"/>
      <line num="25" count="0" type="cond" truecount="0" falsecount="2"/>
      <line num="33" count="3" type="stmt"/>
      <line num="34" count="5" type="stmt"/>
      <line num="36" count="20" type="cond" truecount="2" falsecount="0"/>
      <line num="43" count="8" type="stmt"/>
      <line num="45" count="8" type="stmt"/>
      <line num="53" count="32" type="stmt"/>
      <line num="56" count="0" type="stmt"/>
      <line num="57" count="5" type="stmt"/>
    </file>
    <file name="StartFileCopy.js" path="C:\Users\Internet\Documents\PROGRAMMING\react-javascript-interview-exercise copy\src\StartFileCopy.js">
      <metrics statements="9" coveredstatements="0" conditionals="2" coveredconditionals="0" methods="7" coveredmethods="0"/>
      <line num="11" count="0" type="stmt"/>
      <line num="12" count="0" type="stmt"/>
      <line num="22" count="0" type="stmt"/>
      <line num="23" count="0" type="stmt"/>
      <line num="25" count="0" type="cond" truecount="0" falsecount="2"/>
      <line num="33" count="0" type="stmt"/>
      <line num="35" count="0" type="stmt"/>
      <line num="38" count="0" type="stmt"/>
      <line num="41" count="0" type="stmt"/>
    </file>
    <file name="Total.js" path="C:\Users\Internet\Documents\PROGRAMMING\react-javascript-interview-exercise copy\src\Total.js">
      <metrics statements="3" coveredstatements="3" conditionals="0" coveredconditionals="0" methods="2" coveredmethods="2"/>
      <line num="6" count="8" type="stmt"/>
      <line num="7" count="32" type="stmt"/>
      <line num="9" count="8" type="stmt"/>
    </file>
    <file name="index.js" path="C:\Users\Internet\Documents\PROGRAMMING\react-javascript-interview-exercise copy\src\index.js">
      <metrics statements="3" coveredstatements="0" conditionals="0" coveredconditionals="0" methods="1" coveredmethods="0"/>
      <line num="14" count="0" type="stmt"/>
      <line num="24" count="0" type="stmt"/>
      <line num="25" count="0" type="stmt"/>
    </file>
  </project>
</coverage>
