{"C:\\Users\\Internet\\Documents\\PROGRAMMING\\react-javascript-interview-exercise copy\\src\\Counter.js": {"path":"C:\\Users\\Internet\\Documents\\PROGRAMMING\\react-javascript-interview-exercise copy\\src\\Counter.js","statementMap":{"0":{"start":{"line":8,"column":55},"end":{"line":8,"column":65}},"1":{"start":{"line":10,"column":6},"end":{"line":48,"column":8}},"2":{"start":{"line":13,"column":82},"end":{"line":13,"column":96}},"3":{"start":{"line":21,"column":80},"end":{"line":21,"column":94}},"4":{"start":{"line":53,"column":1},"end":{"line":58,"column":1}}},"fnMap":{"0":{"name":"(anonymous_0)","decl":{"start":{"line":7,"column":4},"end":{"line":7,"column":5}},"loc":{"start":{"line":7,"column":13},"end":{"line":49,"column":5}},"line":7},"1":{"name":"(anonymous_1)","decl":{"start":{"line":13,"column":77},"end":{"line":13,"column":78}},"loc":{"start":{"line":13,"column":82},"end":{"line":13,"column":96}},"line":13},"2":{"name":"(anonymous_2)","decl":{"start":{"line":21,"column":76},"end":{"line":21,"column":77}},"loc":{"start":{"line":21,"column":80},"end":{"line":21,"column":94}},"line":21}},"branchMap":{},"s":{"0":32,"1":32,"2":0,"3":5,"4":1},"f":{"0":32,"1":0,"2":5},"b":{},"_coverageSchema":"1a1c01bbd47fc00a2c39e90264f33305004495a9","hash":"851aa116b4efca0be2b6036b4b4ee45053acb4e5"}
,"C:\\Users\\Internet\\Documents\\PROGRAMMING\\react-javascript-interview-exercise copy\\src\\CounterCopy.js": {"path":"C:\\Users\\Internet\\Documents\\PROGRAMMING\\react-javascript-interview-exercise copy\\src\\CounterCopy.js","statementMap":{"0":{"start":{"line":8,"column":41},"end":{"line":8,"column":51}},"1":{"start":{"line":10,"column":6},"end":{"line":22,"column":8}},"2":{"start":{"line":14,"column":68},"end":{"line":14,"column":80}},"3":{"start":{"line":17,"column":69},"end":{"line":17,"column":80}},"4":{"start":{"line":27,"column":1},"end":{"line":30,"column":2}}},"fnMap":{"0":{"name":"(anonymous_0)","decl":{"start":{"line":7,"column":4},"end":{"line":7,"column":5}},"loc":{"start":{"line":7,"column":13},"end":{"line":23,"column":5}},"line":7},"1":{"name":"(anonymous_1)","decl":{"start":{"line":14,"column":63},"end":{"line":14,"column":64}},"loc":{"start":{"line":14,"column":68},"end":{"line":14,"column":80}},"line":14},"2":{"name":"(anonymous_2)","decl":{"start":{"line":17,"column":64},"end":{"line":17,"column":65}},"loc":{"start":{"line":17,"column":69},"end":{"line":17,"column":80}},"line":17}},"branchMap":{},"s":{"0":0,"1":0,"2":0,"3":0,"4":0},"f":{"0":0,"1":0,"2":0},"b":{}}
,"C:\\Users\\Internet\\Documents\\PROGRAMMING\\react-javascript-interview-exercise copy\\src\\StartFile.js": {"path":"C:\\Users\\Internet\\Documents\\PROGRAMMING\\react-javascript-interview-exercise copy\\src\\StartFile.js","statementMap":{"0":{"start":{"line":11,"column":4},"end":{"line":11,"column":17}},"1":{"start":{"line":12,"column":4},"end":{"line":18,"column":5}},"2":{"start":{"line":22,"column":20},"end":{"line":30,"column":3}},"3":{"start":{"line":23,"column":4},"end":{"line":29,"column":7}},"4":{"start":{"line":23,"column":32},"end":{"line":29,"column":5}},"5":{"start":{"line":25,"column":8},"end":{"line":27,"column":17}},"6":{"start":{"line":33,"column":20},"end":{"line":40,"column":3}},"7":{"start":{"line":34,"column":4},"end":{"line":39,"column":10}},"8":{"start":{"line":34,"column":32},"end":{"line":39,"column":8}},"9":{"start":{"line":36,"column":6},"end":{"line":38,"column":15}},"10":{"start":{"line":43,"column":19},"end":{"line":43,"column":29}},"11":{"start":{"line":45,"column":4},"end":{"line":62,"column":6}},"12":{"start":{"line":53,"column":10},"end":{"line":57,"column":93}},"13":{"start":{"line":56,"column":43},"end":{"line":56,"column":91}},"14":{"start":{"line":57,"column":42},"end":{"line":57,"column":90}}},"fnMap":{"0":{"name":"(anonymous_0)","decl":{"start":{"line":10,"column":2},"end":{"line":10,"column":3}},"loc":{"start":{"line":10,"column":21},"end":{"line":19,"column":3}},"line":10},"1":{"name":"(anonymous_1)","decl":{"start":{"line":22,"column":20},"end":{"line":22,"column":21}},"loc":{"start":{"line":22,"column":51},"end":{"line":30,"column":3}},"line":22},"2":{"name":"(anonymous_2)","decl":{"start":{"line":23,"column":18},"end":{"line":23,"column":19}},"loc":{"start":{"line":23,"column":32},"end":{"line":29,"column":5}},"line":23},"3":{"name":"(anonymous_3)","decl":{"start":{"line":24,"column":30},"end":{"line":24,"column":31}},"loc":{"start":{"line":25,"column":8},"end":{"line":27,"column":17}},"line":25},"4":{"name":"(anonymous_4)","decl":{"start":{"line":33,"column":20},"end":{"line":33,"column":21}},"loc":{"start":{"line":33,"column":51},"end":{"line":40,"column":3}},"line":33},"5":{"name":"(anonymous_5)","decl":{"start":{"line":34,"column":18},"end":{"line":34,"column":19}},"loc":{"start":{"line":34,"column":32},"end":{"line":39,"column":8}},"line":34},"6":{"name":"(anonymous_6)","decl":{"start":{"line":35,"column":29},"end":{"line":35,"column":30}},"loc":{"start":{"line":36,"column":6},"end":{"line":38,"column":15}},"line":36},"7":{"name":"(anonymous_7)","decl":{"start":{"line":42,"column":2},"end":{"line":42,"column":3}},"loc":{"start":{"line":42,"column":11},"end":{"line":63,"column":3}},"line":42},"8":{"name":"(anonymous_8)","decl":{"start":{"line":52,"column":18},"end":{"line":52,"column":19}},"loc":{"start":{"line":53,"column":10},"end":{"line":57,"column":93}},"line":53},"9":{"name":"(anonymous_9)","decl":{"start":{"line":56,"column":25},"end":{"line":56,"column":26}},"loc":{"start":{"line":56,"column":43},"end":{"line":56,"column":91}},"line":56},"10":{"name":"(anonymous_10)","decl":{"start":{"line":57,"column":25},"end":{"line":57,"column":26}},"loc":{"start":{"line":57,"column":42},"end":{"line":57,"column":90}},"line":57}},"branchMap":{"0":{"loc":{"start":{"line":25,"column":8},"end":{"line":27,"column":17}},"type":"cond-expr","locations":[{"start":{"line":26,"column":10},"end":{"line":26,"column":61}},{"start":{"line":27,"column":10},"end":{"line":27,"column":17}}],"line":25},"1":{"loc":{"start":{"line":36,"column":6},"end":{"line":38,"column":15}},"type":"cond-expr","locations":[{"start":{"line":37,"column":8},"end":{"line":37,"column":59}},{"start":{"line":38,"column":8},"end":{"line":38,"column":15}}],"line":36}},"s":{"0":3,"1":3,"2":3,"3":0,"4":0,"5":0,"6":3,"7":5,"8":5,"9":20,"10":8,"11":8,"12":32,"13":0,"14":5},"f":{"0":3,"1":0,"2":0,"3":0,"4":5,"5":5,"6":20,"7":8,"8":32,"9":0,"10":5},"b":{"0":[0,0],"1":[5,15]},"_coverageSchema":"1a1c01bbd47fc00a2c39e90264f33305004495a9","hash":"5f5cece32c8e6afaa1c4b9fe296a8844ae87a338"}
,"C:\\Users\\Internet\\Documents\\PROGRAMMING\\react-javascript-interview-exercise copy\\src\\StartFileCopy.js": {"path":"C:\\Users\\Internet\\Documents\\PROGRAMMING\\react-javascript-interview-exercise copy\\src\\StartFileCopy.js","statementMap":{"0":{"start":{"line":11,"column":4},"end":{"line":11,"column":17}},"1":{"start":{"line":12,"column":4},"end":{"line":18,"column":5}},"2":{"start":{"line":22,"column":17},"end":{"line":30,"column":3}},"3":{"start":{"line":23,"column":4},"end":{"line":29,"column":7}},"4":{"start":{"line":23,"column":32},"end":{"line":29,"column":5}},"5":{"start":{"line":25,"column":8},"end":{"line":27,"column":17}},"6":{"start":{"line":33,"column":19},"end":{"line":33,"column":29}},"7":{"start":{"line":35,"column":4},"end":{"line":45,"column":6}},"8":{"start":{"line":38,"column":10},"end":{"line":41,"column":84}},"9":{"start":{"line":41,"column":39},"end":{"line":41,"column":81}}},"fnMap":{"0":{"name":"(anonymous_0)","decl":{"start":{"line":10,"column":2},"end":{"line":10,"column":3}},"loc":{"start":{"line":10,"column":21},"end":{"line":19,"column":3}},"line":10},"1":{"name":"(anonymous_1)","decl":{"start":{"line":22,"column":17},"end":{"line":22,"column":18}},"loc":{"start":{"line":22,"column":45},"end":{"line":30,"column":3}},"line":22},"2":{"name":"(anonymous_2)","decl":{"start":{"line":23,"column":18},"end":{"line":23,"column":19}},"loc":{"start":{"line":23,"column":32},"end":{"line":29,"column":5}},"line":23},"3":{"name":"(anonymous_3)","decl":{"start":{"line":24,"column":30},"end":{"line":24,"column":31}},"loc":{"start":{"line":25,"column":8},"end":{"line":27,"column":17}},"line":25},"4":{"name":"(anonymous_4)","decl":{"start":{"line":32,"column":2},"end":{"line":32,"column":3}},"loc":{"start":{"line":32,"column":11},"end":{"line":46,"column":3}},"line":32},"5":{"name":"(anonymous_5)","decl":{"start":{"line":37,"column":18},"end":{"line":37,"column":19}},"loc":{"start":{"line":38,"column":10},"end":{"line":41,"column":84}},"line":38},"6":{"name":"(anonymous_6)","decl":{"start":{"line":41,"column":24},"end":{"line":41,"column":25}},"loc":{"start":{"line":41,"column":39},"end":{"line":41,"column":81}},"line":41}},"branchMap":{"0":{"loc":{"start":{"line":25,"column":8},"end":{"line":27,"column":17}},"type":"cond-expr","locations":[{"start":{"line":26,"column":10},"end":{"line":26,"column":58}},{"start":{"line":27,"column":10},"end":{"line":27,"column":17}}],"line":25}},"s":{"0":0,"1":0,"2":0,"3":0,"4":0,"5":0,"6":0,"7":0,"8":0,"9":0},"f":{"0":0,"1":0,"2":0,"3":0,"4":0,"5":0,"6":0},"b":{"0":[0,0]}}
,"C:\\Users\\Internet\\Documents\\PROGRAMMING\\react-javascript-interview-exercise copy\\src\\Total.js": {"path":"C:\\Users\\Internet\\Documents\\PROGRAMMING\\react-javascript-interview-exercise copy\\src\\Total.js","statementMap":{"0":{"start":{"line":6,"column":23},"end":{"line":6,"column":33}},"1":{"start":{"line":7,"column":22},"end":{"line":7,"column":91}},"2":{"start":{"line":7,"column":60},"end":{"line":7,"column":87}},"3":{"start":{"line":9,"column":8},"end":{"line":17,"column":9}}},"fnMap":{"0":{"name":"(anonymous_0)","decl":{"start":{"line":5,"column":4},"end":{"line":5,"column":5}},"loc":{"start":{"line":5,"column":13},"end":{"line":18,"column":5}},"line":5},"1":{"name":"(anonymous_1)","decl":{"start":{"line":7,"column":34},"end":{"line":7,"column":35}},"loc":{"start":{"line":7,"column":60},"end":{"line":7,"column":87}},"line":7}},"branchMap":{},"s":{"0":8,"1":8,"2":32,"3":8},"f":{"0":8,"1":32},"b":{},"_coverageSchema":"1a1c01bbd47fc00a2c39e90264f33305004495a9","hash":"73851d6a2854032a67e2fc4c8c0dae60f98bf77a"}
,"C:\\Users\\Internet\\Documents\\PROGRAMMING\\react-javascript-interview-exercise copy\\src\\index.js": {"path":"C:\\Users\\Internet\\Documents\\PROGRAMMING\\react-javascript-interview-exercise copy\\src\\index.js","statementMap":{"0":{"start":{"line":14,"column":4},"end":{"line":20,"column":6}},"1":{"start":{"line":24,"column":20},"end":{"line":24,"column":51}},"2":{"start":{"line":25,"column":0},"end":{"line":25,"column":38}}},"fnMap":{"0":{"name":"(anonymous_0)","decl":{"start":{"line":13,"column":2},"end":{"line":13,"column":3}},"loc":{"start":{"line":13,"column":11},"end":{"line":21,"column":3}},"line":13}},"branchMap":{},"s":{"0":0,"1":0,"2":0},"f":{"0":0},"b":{}}
}
