TN:
SF:src\Counter.js
FN:7,(anonymous_0)
FN:13,(anonymous_1)
FN:21,(anonymous_2)
FNF:3
FNH:2
FNDA:32,(anonymous_0)
FNDA:0,(anonymous_1)
FNDA:5,(anonymous_2)
DA:8,32
DA:10,32
DA:13,0
DA:21,5
DA:53,1
LF:5
LH:4
BRF:0
BRH:0
end_of_record
TN:
SF:src\CounterCopy.js
FN:7,(anonymous_0)
FN:14,(anonymous_1)
FN:17,(anonymous_2)
FNF:3
FNH:0
FNDA:0,(anonymous_0)
FNDA:0,(anonymous_1)
FNDA:0,(anonymous_2)
DA:8,0
DA:10,0
DA:14,0
DA:17,0
DA:27,0
LF:5
LH:0
BRF:0
BRH:0
end_of_record
TN:
SF:src\StartFile.js
FN:10,(anonymous_0)
FN:22,(anonymous_1)
FN:23,(anonymous_2)
FN:24,(anonymous_3)
FN:33,(anonymous_4)
FN:34,(anonymous_5)
FN:35,(anonymous_6)
FN:42,(anonymous_7)
FN:52,(anonymous_8)
FN:56,(anonymous_9)
FN:57,(anonymous_10)
FNF:11
FNH:7
FNDA:3,(anonymous_0)
FNDA:0,(anonymous_1)
FNDA:0,(anonymous_2)
FNDA:0,(anonymous_3)
FNDA:5,(anonymous_4)
FNDA:5,(anonymous_5)
FNDA:20,(anonymous_6)
FNDA:8,(anonymous_7)
FNDA:32,(anonymous_8)
FNDA:0,(anonymous_9)
FNDA:5,(anonymous_10)
DA:11,3
DA:12,3
DA:22,3
DA:23,0
DA:25,0
DA:33,3
DA:34,5
DA:36,20
DA:43,8
DA:45,8
DA:53,32
DA:56,0
DA:57,5
LF:13
LH:10
BRDA:25,0,0,0
BRDA:25,0,1,0
BRDA:36,1,0,5
BRDA:36,1,1,15
BRF:4
BRH:2
end_of_record
TN:
SF:src\StartFileCopy.js
FN:10,(anonymous_0)
FN:22,(anonymous_1)
FN:23,(anonymous_2)
FN:24,(anonymous_3)
FN:32,(anonymous_4)
FN:37,(anonymous_5)
FN:41,(anonymous_6)
FNF:7
FNH:0
FNDA:0,(anonymous_0)
FNDA:0,(anonymous_1)
FNDA:0,(anonymous_2)
FNDA:0,(anonymous_3)
FNDA:0,(anonymous_4)
FNDA:0,(anonymous_5)
FNDA:0,(anonymous_6)
DA:11,0
DA:12,0
DA:22,0
DA:23,0
DA:25,0
DA:33,0
DA:35,0
DA:38,0
DA:41,0
LF:9
LH:0
BRDA:25,0,0,0
BRDA:25,0,1,0
BRF:2
BRH:0
end_of_record
TN:
SF:src\Total.js
FN:5,(anonymous_0)
FN:7,(anonymous_1)
FNF:2
FNH:2
FNDA:8,(anonymous_0)
FNDA:32,(anonymous_1)
DA:6,8
DA:7,32
DA:9,8
LF:3
LH:3
BRF:0
BRH:0
end_of_record
TN:
SF:src\index.js
FN:13,(anonymous_0)
FNF:1
FNH:0
FNDA:0,(anonymous_0)
DA:14,0
DA:24,0
DA:25,0
LF:3
LH:0
BRF:0
BRH:0
end_of_record
